Generated at 2015-02-19 19:20:02 +0000
Chef::Exceptions::Package: yum_package[nmap-5.51-4.el6.x86_64] ((chef-apply cookbook)::(chef-apply recipe) line 1) had an error: Chef::Exceptions::Package: No version specified, and no candidate version available for nmap-5.51-4.el6.x86_64
/opt/chefdk/embedded/apps/chef/lib/chef/mixin/why_run.rb:241:in `run'
/opt/chefdk/embedded/apps/chef/lib/chef/mixin/why_run.rb:322:in `block in run'
/opt/chefdk/embedded/apps/chef/lib/chef/mixin/why_run.rb:321:in `each'
/opt/chefdk/embedded/apps/chef/lib/chef/mixin/why_run.rb:321:in `run'
/opt/chefdk/embedded/apps/chef/lib/chef/provider.rb:159:in `process_resource_requirements'
/opt/chefdk/embedded/apps/chef/lib/chef/provider.rb:135:in `run_action'
/opt/chefdk/embedded/apps/chef/lib/chef/resource.rb:582:in `run_action'
/opt/chefdk/embedded/apps/chef/lib/chef/runner.rb:49:in `run_action'
/opt/chefdk/embedded/apps/chef/lib/chef/runner.rb:81:in `block (2 levels) in converge'
/opt/chefdk/embedded/apps/chef/lib/chef/runner.rb:81:in `each'
/opt/chefdk/embedded/apps/chef/lib/chef/runner.rb:81:in `block in converge'
/opt/chefdk/embedded/apps/chef/lib/chef/resource_collection/resource_list.rb:83:in `block in execute_each_resource'
/opt/chefdk/embedded/apps/chef/lib/chef/resource_collection/stepable_iterator.rb:116:in `call'
/opt/chefdk/embedded/apps/chef/lib/chef/resource_collection/stepable_iterator.rb:116:in `call_iterator_block'
/opt/chefdk/embedded/apps/chef/lib/chef/resource_collection/stepable_iterator.rb:85:in `step'
/opt/chefdk/embedded/apps/chef/lib/chef/resource_collection/stepable_iterator.rb:104:in `iterate'
/opt/chefdk/embedded/apps/chef/lib/chef/resource_collection/stepable_iterator.rb:55:in `each_with_index'
/opt/chefdk/embedded/apps/chef/lib/chef/resource_collection/resource_list.rb:81:in `execute_each_resource'
/opt/chefdk/embedded/apps/chef/lib/chef/runner.rb:80:in `converge'
/opt/chefdk/embedded/apps/chef/lib/chef/application/apply.rb:150:in `run_chef_recipe'
/opt/chefdk/embedded/apps/chef/lib/chef/application/apply.rb:159:in `run_application'
/opt/chefdk/embedded/apps/chef/lib/chef/application/apply.rb:172:in `run'
/opt/chefdk/embedded/apps/chef/bin/chef-apply:25:in `<top (required)>'
/opt/chefdk/bin/chef-apply:40:in `load'
/opt/chefdk/bin/chef-apply:40:in `<main>'